<?xml version="1.0" encoding="UTF-8"?>
<!-- Generated by org.testng.reporters.JUnitReportReporter -->
<testsuite hostname="DESKTOP-HBJNII4" failures="0" tests="1" name="Payroll360Testcases.PaygroupstagesTest" time="188.832" errors="0" timestamp="2022-04-26T16:07:40 IST" skipped="0">
  <testcase classname="Payroll360Testcases.PaygroupstagesTest" name="createexecutionsequence" time="188.832"/>
  <system-out/>
</testsuite> <!-- Payroll360Testcases.PaygroupstagesTest -->
