<?xml version="1.0" encoding="UTF-8"?>
<!-- Generated by org.testng.reporters.JUnitReportReporter -->
<testsuite hostname="DESKTOP-HBJNII4" failures="0" tests="1" name="Payroll360Testcases.PaygroupdeactivationTest" time="155.582" errors="0" timestamp="2022-05-06T12:19:45 IST" skipped="0">
  <testcase classname="Payroll360Testcases.PaygroupdeactivationTest" name="createdeactivatedpaygroup" time="155.582"/>
  <system-out/>
</testsuite> <!-- Payroll360Testcases.PaygroupdeactivationTest -->
