<?xml version="1.0" encoding="UTF-8"?>
<!-- Generated by org.testng.reporters.JUnitReportReporter -->
<testsuite hostname="DESKTOP-HBJNII4" failures="0" tests="1" name="Payroll360Testcases.CalendersetupeventTest" time="146.697" errors="0" timestamp="2022-05-02T13:24:50 IST" skipped="0">
  <testcase classname="Payroll360Testcases.CalendersetupeventTest" name="createnewcalendersetup" time="146.697"/>
  <system-out/>
</testsuite> <!-- Payroll360Testcases.CalendersetupeventTest -->
