<?xml version="1.0" encoding="UTF-8"?>
<!-- Generated by org.testng.reporters.JUnitReportReporter -->
<testsuite hostname="DESKTOP-HBJNII4" failures="0" tests="1" name="Payroll360Testcases.EditCompanypageTest" time="108.805" errors="0" timestamp="2022-04-20T17:02:25 IST" skipped="0">
  <testcase classname="Payroll360Testcases.EditCompanypageTest" name="editcompany" time="108.805"/>
  <system-out/>
</testsuite> <!-- Payroll360Testcases.EditCompanypageTest -->
