<?xml version="1.0" encoding="UTF-8"?>
<!-- Generated by org.testng.reporters.JUnitReportReporter -->
<testsuite hostname="DESKTOP-HBJNII4" failures="0" tests="1" name="Payroll360Testcases.EditCSevents" time="141.589" errors="0" timestamp="2022-05-09T13:05:23 IST" skipped="0">
  <testcase classname="Payroll360Testcases.EditCSevents" name="createneweditevents" time="141.589"/>
  <system-out/>
</testsuite> <!-- Payroll360Testcases.EditCSevents -->
