<?xml version="1.0" encoding="UTF-8"?>
<!-- Generated by org.testng.reporters.JUnitReportReporter -->
<testsuite hostname="DESKTOP-HBJNII4" failures="0" tests="1" name="Payroll360Testcases.CompanystagesTest" time="194.998" errors="0" timestamp="2022-04-25T15:00:21 IST" skipped="0">
  <testcase classname="Payroll360Testcases.CompanystagesTest" name="createnewuser" time="194.998"/>
  <system-out/>
</testsuite> <!-- Payroll360Testcases.CompanystagesTest -->
