<?xml version="1.0" encoding="UTF-8"?>
<!-- Generated by org.testng.reporters.JUnitReportReporter -->
<testsuite hostname="DESKTOP-HBJNII4" failures="0" tests="1" name="Payroll360Testcases.PaygroupactivationTest" time="105.268" errors="0" timestamp="2022-04-25T20:04:04 IST" skipped="0">
  <testcase classname="Payroll360Testcases.PaygroupactivationTest" name="createactivatedpaygroup" time="105.268"/>
  <system-out/>
</testsuite> <!-- Payroll360Testcases.PaygroupactivationTest -->
