<?xml version="1.0" encoding="UTF-8"?>
<!-- Generated by org.testng.reporters.JUnitReportReporter -->
<testsuite hostname="DESKTOP-HBJNII4" failures="0" tests="1" name="Payroll360Testcases.DragandDropeventTest" time="141.670" errors="0" timestamp="2022-05-04T18:40:54 IST" skipped="0">
  <testcase classname="Payroll360Testcases.DragandDropeventTest" name="createnewdragevent" time="141.670"/>
  <system-out/>
</testsuite> <!-- Payroll360Testcases.DragandDropeventTest -->
