<?xml version="1.0" encoding="UTF-8"?>
<!-- Generated by org.testng.reporters.JUnitReportReporter -->
<testsuite hostname="DESKTOP-HBJNII4" failures="0" tests="1" name="Payroll360Testcases.HomePageTest" time="89.569" errors="0" timestamp="2022-04-11T11:40:49 IST" skipped="0">
  <testcase classname="Payroll360Testcases.HomePageTest" name="verify" time="89.569"/>
  <system-out/>
</testsuite> <!-- Payroll360Testcases.HomePageTest -->
