<?xml version="1.0" encoding="UTF-8"?>
<!-- Generated by org.testng.reporters.JUnitReportReporter -->
<testsuite hostname="DESKTOP-HBJNII4" failures="0" tests="1" name="Payroll360Testcases.CompanypageTest" time="0.000" errors="0" timestamp="2022-04-13T13:04:38 IST" skipped="1">
  <testcase classname="Payroll360Testcases.CompanypageTest" name="createnewcomp" time="0.000">
    <skipped/>
  </testcase> <!-- createnewcomp -->
  <system-out/>
</testsuite> <!-- Payroll360Testcases.CompanypageTest -->
