<?xml version="1.0" encoding="UTF-8"?>
<!-- Generated by org.testng.reporters.JUnitReportReporter -->
<testsuite hostname="DESKTOP-HBJNII4" failures="0" tests="1" name="Payroll360Testcases.EditCompanyuserTest" time="225.705" errors="0" timestamp="2022-04-22T18:31:14 IST" skipped="0">
  <testcase classname="Payroll360Testcases.EditCompanyuserTest" name="createnewpaygrp" time="225.705"/>
  <system-out/>
</testsuite> <!-- Payroll360Testcases.EditCompanyuserTest -->
