<?xml version="1.0" encoding="UTF-8"?>
<!-- Generated by org.testng.reporters.JUnitReportReporter -->
<testsuite hostname="DESKTOP-HBJNII4" failures="0" tests="1" name="Payroll360Testcases.WorkflowTest" time="152.503" errors="0" timestamp="2022-05-06T17:05:15 IST" skipped="0">
  <testcase classname="Payroll360Testcases.WorkflowTest" name="createactivatedpaygroup" time="152.503"/>
  <system-out/>
</testsuite> <!-- Payroll360Testcases.WorkflowTest -->
