<?xml version="1.0" encoding="UTF-8"?>
<!-- Generated by org.testng.reporters.JUnitReportReporter -->
<testsuite hostname="DESKTOP-HBJNII4" failures="0" tests="1" name="Payroll360Testcases.PaygroupemployeeTest" time="134.159" errors="0" timestamp="2022-04-29T14:22:53 IST" skipped="0">
  <testcase classname="Payroll360Testcases.PaygroupemployeeTest" name="createnewemployee" time="134.159"/>
  <system-out/>
</testsuite> <!-- Payroll360Testcases.PaygroupemployeeTest -->
