<?xml version="1.0" encoding="UTF-8"?>
<!-- Generated by org.testng.reporters.JUnitReportReporter -->
<testsuite hostname="DESKTOP-HBJNII4" failures="0" tests="1" name="Payroll360Testcases.ValidateCompanypageTest" time="161.635" errors="0" timestamp="2022-04-20T18:31:51 IST" skipped="0">
  <testcase classname="Payroll360Testcases.ValidateCompanypageTest" name="createnewcomp" time="161.635"/>
  <system-out/>
</testsuite> <!-- Payroll360Testcases.ValidateCompanypageTest -->
