<?xml version="1.0" encoding="UTF-8"?>
<!-- Generated by org.testng.reporters.JUnitReportReporter -->
<testsuite hostname="DESKTOP-HBJNII4" failures="0" tests="1" name="Payroll360Testcases.PaygrouppageTest" time="244.721" errors="0" timestamp="2022-04-29T15:26:44 IST" skipped="0">
  <testcase classname="Payroll360Testcases.PaygrouppageTest" name="createnewpaygrp" time="244.721"/>
  <system-out/>
</testsuite> <!-- Payroll360Testcases.PaygrouppageTest -->
